2020-08-23 08:38:09.743+0000 INFO  Initializing system graph model for component 'security-users' with version -1 and status UNINITIALIZED
2020-08-23 08:38:09.747+0000 INFO  Setting up initial user from `auth.ini` file: neo4j
2020-08-23 08:38:09.747+0000 INFO  Creating new user 'neo4j' (passwordChangeRequired=false, suspended=false)
2020-08-23 08:38:09.781+0000 INFO  Setting version for 'security-users' to 2
2020-08-23 08:38:09.792+0000 INFO  After initialization of system graph model component 'security-users' have version 2 and status CURRENT
2020-08-23 08:38:09.802+0000 INFO  Performing postInitialization step for component 'security-users' with version 2 and status CURRENT
2020-08-23 08:38:09.913+0000 INFO  Initializing system graph model for component 'security-privileges' with version -1 and status UNINITIALIZED
2020-08-23 08:38:09.915+0000 INFO  Initializing security model with 6 roles
2020-08-23 08:38:10.066+0000 INFO  Setting version for 'security-privileges' to 4
2020-08-23 08:38:10.098+0000 INFO  Assigned admin role to user 'neo4j'.
2020-08-23 08:38:10.099+0000 INFO  After initialization of system graph model component 'security-privileges' have version 4 and status CURRENT
2020-08-23 08:38:13.552+0000 INFO  [neo4j]: logged in
2020-08-23 08:38:13.578+0000 INFO  [neo4j]: logged in
2020-08-23 08:42:39.664+0000 INFO  [neo4j]: logged in
2020-08-23 08:42:40.070+0000 INFO  [neo4j]: logged in
2020-08-23 08:42:40.084+0000 INFO  [neo4j]: logged in
2020-08-23 08:42:40.110+0000 INFO  [neo4j]: logged in
2020-08-23 08:42:40.126+0000 INFO  [neo4j]: logged in
2020-08-23 08:42:40.140+0000 INFO  [neo4j]: logged in
2020-08-23 08:48:30.152+0000 INFO  Performing postInitialization step for component 'security-users' with version 2 and status CURRENT
2020-08-23 08:48:30.153+0000 INFO  Updating the initial password in component 'security-users'  
2020-08-23 08:48:30.157+0000 INFO  Updating initial user password from `auth.ini` file: neo4j
2020-08-23 08:48:34.096+0000 INFO  [neo4j]: logged in
2020-08-23 08:48:34.114+0000 INFO  [neo4j]: logged in
2020-08-23 08:48:38.160+0000 INFO  [neo4j]: logged in
2020-08-23 08:48:38.563+0000 INFO  [neo4j]: logged in
2020-08-23 08:48:38.579+0000 INFO  [neo4j]: logged in
2020-08-23 08:48:38.606+0000 INFO  [neo4j]: logged in
2020-08-23 08:48:38.619+0000 INFO  [neo4j]: logged in
2020-08-23 08:48:38.635+0000 INFO  [neo4j]: logged in
2020-08-23 09:48:39.241+0000 INFO  [neo4j]: logged in
2020-08-23 09:48:41.109+0000 INFO  [neo4j]: logged in
2020-08-23 10:48:43.950+0000 INFO  [neo4j]: logged in
2020-08-23 10:48:43.960+0000 INFO  [neo4j]: logged in
2020-08-23 11:48:45.065+0000 INFO  [neo4j]: logged in
2020-08-23 11:48:45.073+0000 INFO  [neo4j]: logged in
2020-08-23 12:48:46.316+0000 INFO  [neo4j]: logged in
2020-08-23 12:48:46.326+0000 INFO  [neo4j]: logged in
2020-08-23 13:48:47.553+0000 INFO  [neo4j]: logged in
2020-08-23 13:48:47.561+0000 INFO  [neo4j]: logged in
2020-08-23 14:21:11.456+0000 INFO  [neo4j]: logged in
2020-08-23 14:48:52.937+0000 INFO  [neo4j]: logged in
2020-08-23 14:48:52.947+0000 INFO  [neo4j]: logged in
2020-08-23 15:13:34.320+0000 INFO  [neo4j]: logged in
2020-08-23 15:13:34.328+0000 INFO  [neo4j]: logged in
2020-08-23 16:21:27.098+0000 INFO  [neo4j]: logged in
2020-08-23 16:21:27.108+0000 INFO  [neo4j]: logged in
2020-08-23 17:32:48.353+0000 INFO  [neo4j]: logged in
2020-08-23 17:32:48.368+0000 INFO  [neo4j]: logged in
2020-08-23 18:46:36.229+0000 INFO  [neo4j]: logged in
2020-08-23 18:46:36.242+0000 INFO  [neo4j]: logged in
2020-08-23 20:02:32.905+0000 INFO  [neo4j]: logged in
2020-08-23 20:02:32.915+0000 INFO  [neo4j]: logged in
2020-08-23 21:13:19.664+0000 INFO  [neo4j]: logged in
2020-08-23 21:13:19.678+0000 INFO  [neo4j]: logged in
2020-08-23 22:27:22.036+0000 INFO  [neo4j]: logged in
2020-08-23 22:27:22.046+0000 INFO  [neo4j]: logged in
2020-08-23 23:39:06.226+0000 INFO  [neo4j]: logged in
2020-08-23 23:39:06.239+0000 INFO  [neo4j]: logged in
2020-08-24 00:39:22.138+0000 INFO  [neo4j]: logged in
2020-08-24 00:39:22.145+0000 INFO  [neo4j]: logged in
2020-08-24 02:06:13.247+0000 INFO  [neo4j]: logged in
2020-08-24 02:06:13.258+0000 INFO  [neo4j]: logged in
2020-08-24 03:20:43.132+0000 INFO  [neo4j]: logged in
2020-08-24 03:20:43.141+0000 INFO  [neo4j]: logged in
2020-08-24 04:29:46.390+0000 INFO  [neo4j]: logged in
2020-08-24 04:29:46.405+0000 INFO  [neo4j]: logged in
2020-08-24 05:37:46.350+0000 INFO  [neo4j]: logged in
2020-08-24 05:37:46.365+0000 INFO  [neo4j]: logged in
2020-08-24 06:50:37.849+0000 INFO  [neo4j]: logged in
2020-08-24 06:50:37.858+0000 INFO  [neo4j]: logged in
2020-08-24 07:50:40.703+0000 INFO  [neo4j]: logged in
2020-08-24 07:50:40.713+0000 INFO  [neo4j]: logged in
2020-08-24 08:01:42.081+0000 INFO  [neo4j]: logged in
2020-08-24 08:50:40.719+0000 INFO  [neo4j]: logged in
2020-08-24 08:50:41.479+0000 INFO  [neo4j]: logged in
2020-08-24 09:50:51.294+0000 INFO  [neo4j]: logged in
2020-08-24 09:50:51.303+0000 INFO  [neo4j]: logged in
2020-08-24 10:50:52.424+0000 INFO  [neo4j]: logged in
2020-08-24 10:50:52.433+0000 INFO  [neo4j]: logged in
2020-08-24 11:50:53.404+0000 INFO  [neo4j]: logged in
2020-08-24 11:50:53.414+0000 INFO  [neo4j]: logged in
2020-08-24 11:56:53.540+0000 INFO  [neo4j]: logged in
2020-08-24 11:56:53.544+0000 INFO  [neo4j]: logged in
2020-08-24 13:05:58.476+0000 INFO  [neo4j]: logged in
2020-08-24 13:05:58.490+0000 INFO  [neo4j]: logged in
2020-08-24 14:17:24.101+0000 INFO  [neo4j]: logged in
2020-08-24 14:17:24.115+0000 INFO  [neo4j]: logged in
2020-08-24 15:27:04.376+0000 INFO  [neo4j]: logged in
2020-08-24 15:27:04.387+0000 INFO  [neo4j]: logged in
2020-08-24 16:55:00.086+0000 INFO  [neo4j]: logged in
2020-08-24 16:55:00.096+0000 INFO  [neo4j]: logged in
2020-08-24 18:05:29.708+0000 INFO  [neo4j]: logged in
2020-08-24 18:05:29.723+0000 INFO  [neo4j]: logged in
2020-08-24 19:16:53.951+0000 INFO  [neo4j]: logged in
2020-08-24 19:16:53.961+0000 INFO  [neo4j]: logged in
2020-08-24 20:24:27.597+0000 INFO  [neo4j]: logged in
2020-08-24 20:24:27.612+0000 INFO  [neo4j]: logged in
2020-08-24 21:38:27.184+0000 INFO  [neo4j]: logged in
2020-08-24 21:38:27.196+0000 INFO  [neo4j]: logged in
2020-08-24 22:44:11.088+0000 INFO  [neo4j]: logged in
2020-08-24 22:44:11.098+0000 INFO  [neo4j]: logged in
2020-08-24 23:57:08.511+0000 INFO  [neo4j]: logged in
2020-08-24 23:57:08.529+0000 INFO  [neo4j]: logged in
2020-08-25 00:57:23.541+0000 INFO  [neo4j]: logged in
2020-08-25 00:57:23.551+0000 INFO  [neo4j]: logged in
2020-08-25 01:57:24.842+0000 INFO  [neo4j]: logged in
2020-08-25 01:57:24.850+0000 INFO  [neo4j]: logged in
2020-08-25 02:57:26.048+0000 INFO  [neo4j]: logged in
2020-08-25 02:57:26.058+0000 INFO  [neo4j]: logged in
2020-08-25 03:57:27.384+0000 INFO  [neo4j]: logged in
2020-08-25 03:57:27.391+0000 INFO  [neo4j]: logged in
2020-08-25 04:57:28.567+0000 INFO  [neo4j]: logged in
2020-08-25 04:57:28.576+0000 INFO  [neo4j]: logged in
2020-08-25 05:19:30.188+0000 INFO  [neo4j]: logged in
2020-08-25 05:57:30.719+0000 INFO  [neo4j]: logged in
2020-08-25 05:57:30.727+0000 INFO  [neo4j]: logged in
2020-08-25 06:57:31.915+0000 INFO  [neo4j]: logged in
2020-08-25 06:57:31.921+0000 INFO  [neo4j]: logged in
2020-08-25 07:15:44.152+0000 INFO  [neo4j]: logged in
2020-08-25 07:15:44.278+0000 INFO  [neo4j]: ALTER USER neo4j SET PASSWORD $newPassword
2020-08-25 07:15:53.425+0000 INFO  Performing postInitialization step for component 'security-users' with version 2 and status CURRENT
2020-08-25 07:15:53.425+0000 INFO  Updating the initial password in component 'security-users'  
2020-08-25 07:15:53.435+0000 INFO  Updating initial user password from `auth.ini` file: neo4j
2020-08-25 08:15:48.343+0000 INFO  [neo4j]: logged in
2020-08-25 08:19:02.978+0000 INFO  [neo4j]: logged in
2020-08-25 08:20:42.214+0000 INFO  [neo4j]: logged in
2020-08-25 08:20:42.602+0000 INFO  [neo4j]: logged in
2020-08-25 08:20:42.627+0000 INFO  [neo4j]: logged in
2020-08-25 08:20:42.642+0000 INFO  [neo4j]: logged in
2020-08-25 08:20:42.672+0000 INFO  [neo4j]: logged in
2020-08-25 08:20:42.689+0000 INFO  [neo4j]: logged in
2020-08-25 09:20:43.536+0000 INFO  [neo4j]: logged in
2020-08-25 09:20:43.547+0000 INFO  [neo4j]: logged in
2020-08-25 10:00:28.399+0000 INFO  [neo4j]: logged in
2020-08-25 10:15:11.556+0000 ERROR [neo4j]: failed to log in: invalid principal or credentials
2020-08-25 10:15:14.512+0000 ERROR [neo4j]: failed to log in: invalid principal or credentials
2020-08-25 10:15:15.500+0000 ERROR [neo4j]: failed to log in: invalid principal or credentials
2020-08-25 10:15:18.529+0000 ERROR [neo4j]: failed to log in: too many failed attempts
2020-08-25 10:15:18.540+0000 ERROR [neo4j]: failed to log in: too many failed attempts
2020-08-25 10:15:19.523+0000 ERROR [neo4j]: failed to log in: too many failed attempts
2020-08-25 10:15:21.596+0000 ERROR [neo4j]: failed to log in: invalid principal or credentials
2020-08-25 10:20:44.722+0000 INFO  [neo4j]: logged in
2020-08-25 10:20:44.732+0000 INFO  [neo4j]: logged in
2020-08-25 10:54:46.301+0000 INFO  [neo4j]: logged in
2020-08-25 11:20:46.689+0000 INFO  [neo4j]: logged in
2020-08-25 11:20:46.700+0000 INFO  [neo4j]: logged in
2020-08-25 12:20:47.600+0000 INFO  [neo4j]: logged in
2020-08-25 12:20:47.609+0000 INFO  [neo4j]: logged in
2020-08-25 13:20:48.808+0000 INFO  [neo4j]: logged in
2020-08-25 13:20:48.818+0000 INFO  [neo4j]: logged in
2020-08-25 14:20:50.041+0000 INFO  [neo4j]: logged in
2020-08-25 14:20:50.051+0000 INFO  [neo4j]: logged in
2020-08-25 14:59:50.849+0000 INFO  [neo4j]: logged in
2020-08-25 14:59:50.857+0000 INFO  [neo4j]: logged in
2020-08-25 16:11:37.005+0000 INFO  [neo4j]: logged in
2020-08-25 16:11:37.018+0000 INFO  [neo4j]: logged in
2020-08-25 17:25:26.032+0000 INFO  [neo4j]: logged in
2020-08-25 17:25:26.045+0000 INFO  [neo4j]: logged in
2020-08-25 18:39:40.645+0000 INFO  [neo4j]: logged in
2020-08-25 18:39:40.663+0000 INFO  [neo4j]: logged in
2020-08-25 19:46:22.923+0000 INFO  [neo4j]: logged in
2020-08-25 19:46:22.932+0000 INFO  [neo4j]: logged in
2020-08-25 20:56:41.356+0000 INFO  [neo4j]: logged in
2020-08-25 20:56:41.372+0000 INFO  [neo4j]: logged in
2020-08-25 22:13:05.966+0000 INFO  [neo4j]: logged in
2020-08-25 22:13:05.974+0000 INFO  [neo4j]: logged in
2020-08-25 23:25:09.328+0000 INFO  [neo4j]: logged in
2020-08-25 23:25:09.343+0000 INFO  [neo4j]: logged in
2020-08-26 00:41:03.717+0000 INFO  [neo4j]: logged in
2020-08-26 00:41:03.726+0000 INFO  [neo4j]: logged in
2020-08-26 01:51:23.032+0000 INFO  [neo4j]: logged in
2020-08-26 01:51:23.046+0000 INFO  [neo4j]: logged in
2020-08-26 02:51:26.802+0000 INFO  [neo4j]: logged in
2020-08-26 02:51:26.809+0000 INFO  [neo4j]: logged in
2020-08-26 04:20:53.843+0000 INFO  [neo4j]: logged in
2020-08-26 04:20:53.850+0000 INFO  [neo4j]: logged in
2020-08-26 05:34:46.213+0000 INFO  [neo4j]: logged in
2020-08-26 05:34:46.231+0000 INFO  [neo4j]: logged in
2020-08-26 06:47:41.680+0000 INFO  [neo4j]: logged in
2020-08-26 06:47:41.693+0000 INFO  [neo4j]: logged in
2020-08-26 07:54:22.746+0000 INFO  [neo4j]: logged in
2020-08-26 07:54:22.764+0000 INFO  [neo4j]: logged in
2020-08-26 09:09:00.328+0000 INFO  [neo4j]: logged in
2020-08-26 09:09:00.338+0000 INFO  [neo4j]: logged in
2020-08-26 10:23:12.153+0000 INFO  [neo4j]: logged in
2020-08-26 10:23:12.174+0000 INFO  [neo4j]: logged in
2020-08-26 11:34:31.970+0000 INFO  [neo4j]: logged in
2020-08-26 11:34:31.984+0000 INFO  [neo4j]: logged in
2020-08-26 12:50:49.735+0000 INFO  [neo4j]: logged in
2020-08-26 12:50:49.746+0000 INFO  [neo4j]: logged in
2020-08-26 14:07:03.595+0000 INFO  [neo4j]: logged in
2020-08-26 14:07:03.609+0000 INFO  [neo4j]: logged in
2020-08-26 15:22:14.981+0000 INFO  [neo4j]: logged in
2020-08-26 15:22:14.991+0000 INFO  [neo4j]: logged in
2020-08-26 16:30:48.484+0000 INFO  [neo4j]: logged in
2020-08-26 16:30:48.503+0000 INFO  [neo4j]: logged in
2020-08-26 17:37:22.919+0000 INFO  [neo4j]: logged in
2020-08-26 17:37:22.928+0000 INFO  [neo4j]: logged in
2020-08-26 18:50:44.199+0000 INFO  [neo4j]: logged in
2020-08-26 18:50:44.213+0000 INFO  [neo4j]: logged in
2020-08-26 20:03:59.874+0000 INFO  [neo4j]: logged in
2020-08-26 20:03:59.883+0000 INFO  [neo4j]: logged in
2020-08-26 21:14:58.160+0000 INFO  [neo4j]: logged in
2020-08-26 21:14:58.176+0000 INFO  [neo4j]: logged in
2020-08-26 22:19:26.946+0000 INFO  [neo4j]: logged in
2020-08-26 22:19:26.957+0000 INFO  [neo4j]: logged in
2020-08-26 23:28:07.032+0000 INFO  [neo4j]: logged in
2020-08-26 23:28:07.054+0000 INFO  [neo4j]: logged in
2020-08-27 00:43:35.729+0000 INFO  [neo4j]: logged in
2020-08-27 00:43:35.744+0000 INFO  [neo4j]: logged in
2020-08-27 02:02:45.109+0000 INFO  [neo4j]: logged in
2020-08-27 02:02:45.120+0000 INFO  [neo4j]: logged in
2020-08-27 03:02:50.107+0000 INFO  [neo4j]: logged in
2020-08-27 03:02:50.117+0000 INFO  [neo4j]: logged in
2020-08-27 04:29:09.584+0000 INFO  [neo4j]: logged in
2020-08-27 04:29:09.593+0000 INFO  [neo4j]: logged in
2020-08-27 05:41:25.147+0000 INFO  [neo4j]: logged in
2020-08-27 05:41:25.162+0000 INFO  [neo4j]: logged in
2020-08-27 06:04:00.091+0000 INFO  [neo4j]: logged in
2020-08-27 06:04:00.101+0000 INFO  [neo4j]: logged in
2020-08-27 06:04:40.177+0000 INFO  [neo4j]: logged in
2020-08-27 06:04:40.886+0000 INFO  [neo4j]: logged in
2020-08-27 06:05:00.174+0000 INFO  [neo4j]: logged in
2020-08-27 06:05:00.183+0000 INFO  [neo4j]: logged in
2020-08-27 06:05:40.424+0000 INFO  [neo4j]: logged in
2020-08-27 06:05:40.435+0000 INFO  [neo4j]: logged in
2020-08-27 06:06:20.440+0000 INFO  [neo4j]: logged in
2020-08-27 06:06:20.449+0000 INFO  [neo4j]: logged in
2020-08-27 06:07:00.447+0000 INFO  [neo4j]: logged in
2020-08-27 06:07:00.458+0000 INFO  [neo4j]: logged in
2020-08-27 06:29:37.000+0000 INFO  [neo4j]: logged in
2020-08-27 07:06:41.407+0000 INFO  [neo4j]: logged in
2020-08-27 07:06:41.417+0000 INFO  [neo4j]: logged in
2020-08-27 07:07:01.420+0000 INFO  [neo4j]: logged in
2020-08-27 07:07:01.431+0000 INFO  [neo4j]: logged in
2020-08-27 07:29:40.622+0000 INFO  [neo4j]: logged in
2020-08-27 08:07:02.503+0000 INFO  [neo4j]: logged in
2020-08-27 08:07:02.511+0000 INFO  [neo4j]: logged in
2020-08-27 08:11:05.773+0000 INFO  Performing postInitialization step for component 'security-users' with version 2 and status CURRENT
2020-08-27 08:11:05.773+0000 INFO  Updating the initial password in component 'security-users'  
2020-08-27 08:11:05.776+0000 INFO  Updating initial user password from `auth.ini` file: neo4j
2020-08-27 08:11:08.817+0000 INFO  [neo4j]: logged in
2020-08-27 08:11:10.355+0000 INFO  [neo4j]: logged in
2020-08-27 08:11:10.369+0000 INFO  [neo4j]: logged in
2020-08-27 08:11:10.388+0000 INFO  [neo4j]: logged in
2020-08-27 08:11:10.403+0000 INFO  [neo4j]: logged in
2020-08-27 08:11:11.080+0000 INFO  [neo4j]: logged in
2020-08-27 08:11:11.324+0000 INFO  [neo4j]: logged in
2020-08-27 08:14:39.218+0000 INFO  Performing postInitialization step for component 'security-users' with version 2 and status CURRENT
2020-08-27 08:14:39.218+0000 INFO  Updating the initial password in component 'security-users'  
2020-08-27 08:14:39.222+0000 INFO  Updating initial user password from `auth.ini` file: neo4j
2020-08-27 08:14:42.413+0000 INFO  [neo4j]: logged in
2020-08-27 08:14:43.296+0000 INFO  [neo4j]: logged in
2020-08-27 08:14:43.576+0000 INFO  [neo4j]: logged in
2020-08-27 08:14:43.590+0000 INFO  [neo4j]: logged in
2020-08-27 08:14:43.604+0000 INFO  [neo4j]: logged in
2020-08-27 08:14:44.528+0000 INFO  [neo4j]: logged in
2020-08-27 08:14:44.541+0000 INFO  [neo4j]: logged in
2020-08-27 08:35:07.530+0000 INFO  [neo4j]: logged in
2020-08-27 08:48:05.683+0000 INFO  [neo4j]: logged in
2020-08-27 08:48:05.693+0000 INFO  [neo4j]: logged in
2020-08-27 08:48:05.704+0000 INFO  [neo4j]: logged in
2020-08-27 08:48:05.718+0000 INFO  [neo4j]: logged in
2020-08-27 08:48:46.475+0000 INFO  [neo4j]: logged in
2020-08-27 08:48:46.496+0000 INFO  [neo4j]: logged in
2020-08-27 08:48:46.508+0000 INFO  [neo4j]: logged in
2020-08-27 08:48:46.526+0000 INFO  [neo4j]: logged in
2020-08-27 08:50:49.922+0000 INFO  [neo4j]: logged in
2020-08-27 08:50:49.928+0000 INFO  [neo4j]: logged in
2020-08-27 08:50:49.939+0000 INFO  [neo4j]: logged in
2020-08-27 08:50:49.951+0000 INFO  [neo4j]: logged in
2020-08-27 08:52:10.453+0000 INFO  [neo4j]: logged in
2020-08-27 08:52:10.463+0000 INFO  [neo4j]: logged in
2020-08-27 08:52:10.473+0000 INFO  [neo4j]: logged in
2020-08-27 08:52:10.485+0000 INFO  [neo4j]: logged in
2020-08-27 08:52:50.453+0000 INFO  [neo4j]: logged in
2020-08-27 08:52:50.475+0000 INFO  [neo4j]: logged in
2020-08-27 08:52:50.486+0000 INFO  [neo4j]: logged in
2020-08-27 08:52:50.500+0000 INFO  [neo4j]: logged in
2020-08-27 08:53:30.458+0000 INFO  [neo4j]: logged in
2020-08-27 08:53:30.480+0000 INFO  [neo4j]: logged in
2020-08-27 08:53:30.491+0000 INFO  [neo4j]: logged in
2020-08-27 08:53:30.504+0000 INFO  [neo4j]: logged in
2020-08-27 08:54:10.476+0000 INFO  [neo4j]: logged in
2020-08-27 08:54:10.496+0000 INFO  [neo4j]: logged in
2020-08-27 08:54:10.507+0000 INFO  [neo4j]: logged in
2020-08-27 08:54:10.534+0000 INFO  [neo4j]: logged in
2020-08-27 08:54:50.517+0000 INFO  [neo4j]: logged in
2020-08-27 08:54:50.540+0000 INFO  [neo4j]: logged in
2020-08-27 08:54:50.550+0000 INFO  [neo4j]: logged in
2020-08-27 08:54:50.562+0000 INFO  [neo4j]: logged in
2020-08-28 04:31:39.352+0000 INFO  [neo4j]: logged in
2020-08-28 04:31:39.362+0000 INFO  [neo4j]: logged in
2020-08-28 04:31:39.385+0000 INFO  [neo4j]: logged in
2020-08-28 04:31:39.396+0000 INFO  [neo4j]: logged in
2020-08-28 05:15:58.063+0000 INFO  [neo4j]: logged in
2020-08-28 05:31:40.763+0000 INFO  [neo4j]: logged in
2020-08-28 05:31:40.772+0000 INFO  [neo4j]: logged in
2020-08-28 05:50:49.883+0000 INFO  [neo4j]: logged in
2020-08-28 05:50:50.835+0000 INFO  [neo4j]: logged in
2020-08-28 06:08:41.640+0000 INFO  [neo4j]: logged in
2020-08-28 06:08:41.650+0000 INFO  [neo4j]: logged in
2020-08-28 07:00:13.697+0000 INFO  [neo4j]: logged in
2020-08-28 07:00:13.708+0000 INFO  [neo4j]: logged in
2020-08-28 07:08:46.567+0000 INFO  [neo4j]: logged in
2020-08-28 07:08:46.576+0000 INFO  [neo4j]: logged in
2020-08-28 07:25:31.328+0000 INFO  Performing postInitialization step for component 'security-users' with version 2 and status CURRENT
2020-08-28 07:25:31.328+0000 INFO  Updating the initial password in component 'security-users'  
2020-08-28 07:25:31.332+0000 INFO  Updating initial user password from `auth.ini` file: neo4j
2020-08-28 07:25:32.935+0000 INFO  [neo4j]: logged in
2020-08-28 07:25:32.977+0000 INFO  [neo4j]: logged in
2020-08-28 07:25:37.313+0000 INFO  [neo4j]: logged in
2020-08-28 07:25:37.759+0000 INFO  [neo4j]: logged in
2020-08-28 07:25:37.773+0000 INFO  [neo4j]: logged in
2020-08-28 07:25:37.798+0000 INFO  [neo4j]: logged in
2020-08-28 07:25:37.812+0000 INFO  [neo4j]: logged in
2020-08-28 07:25:37.826+0000 INFO  [neo4j]: logged in
2020-08-28 07:50:38.558+0000 INFO  [neo4j]: logged in
2020-08-28 07:50:38.569+0000 INFO  [neo4j]: logged in
2020-08-28 07:59:24.812+0000 INFO  [neo4j]: logged in
2020-08-28 07:59:24.823+0000 INFO  [neo4j]: logged in
2020-08-28 08:00:04.834+0000 INFO  [neo4j]: logged in
2020-08-28 08:00:04.844+0000 INFO  [neo4j]: logged in
2020-08-28 08:02:24.903+0000 INFO  [neo4j]: logged in
2020-08-28 08:02:24.915+0000 INFO  [neo4j]: logged in
2020-08-29 07:05:58.039+0000 INFO  [neo4j]: logged in
2020-08-29 07:05:58.049+0000 INFO  [neo4j]: logged in
2020-08-29 07:12:03.311+0000 INFO  [neo4j]: logged in
2020-08-29 08:04:59.326+0000 INFO  [neo4j]: logged in
2020-08-29 08:05:58.129+0000 INFO  [neo4j]: logged in
2020-08-29 08:05:58.141+0000 INFO  [neo4j]: logged in
2020-08-29 09:01:59.312+0000 INFO  [neo4j]: logged in
2020-08-29 09:05:59.809+0000 INFO  [neo4j]: logged in
2020-08-29 09:06:00.616+0000 INFO  [neo4j]: logged in
2020-08-29 09:06:20.525+0000 INFO  [neo4j]: logged in
2020-08-29 09:41:01.035+0000 INFO  [neo4j]: logged in
2020-08-29 09:41:01.044+0000 INFO  [neo4j]: logged in
2020-08-29 09:50:19.231+0000 INFO  [neo4j]: logged in
2020-08-29 09:50:19.242+0000 INFO  [neo4j]: logged in
2020-08-29 10:50:21.361+0000 INFO  [neo4j]: logged in
2020-08-29 10:50:21.375+0000 INFO  [neo4j]: logged in
2020-08-29 11:50:22.355+0000 INFO  [neo4j]: logged in
2020-08-29 11:50:22.364+0000 INFO  [neo4j]: logged in
2020-08-29 12:03:02.545+0000 INFO  [neo4j]: logged in
2020-08-29 12:03:02.552+0000 INFO  [neo4j]: logged in
2020-09-01 02:41:47.942+0000 INFO  [neo4j]: logged in
2020-09-01 02:41:47.942+0000 INFO  [neo4j]: logged in
2020-09-01 03:41:56.643+0000 INFO  [neo4j]: logged in
2020-09-01 03:41:56.651+0000 INFO  [neo4j]: logged in
2020-09-01 04:41:57.701+0000 INFO  [neo4j]: logged in
2020-09-01 04:41:57.711+0000 INFO  [neo4j]: logged in
2020-09-01 05:41:58.740+0000 INFO  [neo4j]: logged in
2020-09-01 05:41:58.751+0000 INFO  [neo4j]: logged in
2020-09-01 06:41:59.671+0000 INFO  [neo4j]: logged in
2020-09-01 06:41:59.680+0000 INFO  [neo4j]: logged in
2020-09-01 07:42:00.690+0000 INFO  [neo4j]: logged in
2020-09-01 07:42:00.698+0000 INFO  [neo4j]: logged in
2020-09-01 08:42:01.902+0000 INFO  [neo4j]: logged in
2020-09-01 08:42:01.913+0000 INFO  [neo4j]: logged in
2020-09-01 09:42:03.280+0000 INFO  [neo4j]: logged in
2020-09-01 09:42:03.282+0000 INFO  [neo4j]: logged in
2020-09-01 10:42:04.568+0000 INFO  [neo4j]: logged in
2020-09-01 10:42:04.578+0000 INFO  [neo4j]: logged in
2020-09-01 11:30:25.575+0000 INFO  [neo4j]: logged in
2020-09-01 11:30:25.584+0000 INFO  [neo4j]: logged in
2020-09-01 12:42:24.031+0000 INFO  [neo4j]: logged in
2020-09-01 12:42:24.043+0000 INFO  [neo4j]: logged in
2020-09-01 13:55:11.928+0000 INFO  [neo4j]: logged in
2020-09-01 13:55:11.936+0000 INFO  [neo4j]: logged in
2020-09-01 15:06:38.077+0000 INFO  [neo4j]: logged in
2020-09-01 15:06:38.085+0000 INFO  [neo4j]: logged in
2020-09-01 16:11:23.288+0000 INFO  [neo4j]: logged in
2020-09-01 16:11:23.300+0000 INFO  [neo4j]: logged in
2020-09-01 17:23:32.306+0000 INFO  [neo4j]: logged in
2020-09-01 17:23:32.313+0000 INFO  [neo4j]: logged in
2020-09-01 18:42:11.458+0000 INFO  [neo4j]: logged in
2020-09-01 18:42:11.469+0000 INFO  [neo4j]: logged in
2020-09-01 19:54:50.508+0000 INFO  [neo4j]: logged in
2020-09-01 19:54:50.516+0000 INFO  [neo4j]: logged in
2020-09-01 21:06:37.837+0000 INFO  [neo4j]: logged in
2020-09-01 21:06:37.849+0000 INFO  [neo4j]: logged in
2020-09-01 22:17:09.025+0000 INFO  [neo4j]: logged in
2020-09-01 22:17:09.032+0000 INFO  [neo4j]: logged in
2020-09-01 23:26:18.297+0000 INFO  [neo4j]: logged in
2020-09-01 23:26:18.307+0000 INFO  [neo4j]: logged in
2020-09-02 00:26:31.927+0000 INFO  [neo4j]: logged in
2020-09-02 00:26:31.935+0000 INFO  [neo4j]: logged in
2020-09-02 01:38:14.711+0000 INFO  [neo4j]: logged in
2020-09-02 01:38:14.722+0000 INFO  [neo4j]: logged in
2020-09-02 02:47:57.854+0000 INFO  [neo4j]: logged in
2020-09-02 02:47:57.862+0000 INFO  [neo4j]: logged in
2020-09-02 03:51:25.741+0000 INFO  [neo4j]: logged in
2020-09-02 03:51:25.751+0000 INFO  [neo4j]: logged in
2020-09-02 04:51:39.480+0000 INFO  [neo4j]: logged in
2020-09-02 04:51:39.487+0000 INFO  [neo4j]: logged in
2020-09-02 05:51:40.405+0000 INFO  [neo4j]: logged in
2020-09-02 05:51:40.414+0000 INFO  [neo4j]: logged in
2020-09-02 06:51:41.705+0000 INFO  [neo4j]: logged in
2020-09-02 06:51:41.714+0000 INFO  [neo4j]: logged in
2020-09-02 07:51:42.755+0000 INFO  [neo4j]: logged in
2020-09-02 07:51:42.762+0000 INFO  [neo4j]: logged in
2020-09-02 08:51:44.131+0000 INFO  [neo4j]: logged in
2020-09-02 08:51:44.140+0000 INFO  [neo4j]: logged in
2020-09-02 09:51:45.444+0000 INFO  [neo4j]: logged in
2020-09-02 09:51:45.452+0000 INFO  [neo4j]: logged in
2020-09-02 10:51:46.844+0000 INFO  [neo4j]: logged in
2020-09-02 10:51:46.852+0000 INFO  [neo4j]: logged in
2020-09-02 11:51:48.189+0000 INFO  [neo4j]: logged in
2020-09-02 11:51:48.196+0000 INFO  [neo4j]: logged in
2020-09-02 12:51:49.529+0000 INFO  [neo4j]: logged in
2020-09-02 12:51:49.537+0000 INFO  [neo4j]: logged in
2020-09-02 13:51:50.956+0000 INFO  [neo4j]: logged in
2020-09-02 13:51:50.964+0000 INFO  [neo4j]: logged in
2020-09-02 14:51:12.233+0000 INFO  [neo4j]: logged in
2020-09-02 14:51:12.239+0000 INFO  [neo4j]: logged in
2020-09-02 16:01:38.641+0000 INFO  [neo4j]: logged in
2020-09-02 16:01:38.644+0000 INFO  [neo4j]: logged in
2020-09-02 17:15:52.785+0000 INFO  [neo4j]: logged in
2020-09-02 17:15:52.795+0000 INFO  [neo4j]: logged in
2020-09-02 18:28:35.511+0000 INFO  [neo4j]: logged in
2020-09-02 18:28:35.523+0000 INFO  [neo4j]: logged in
2020-09-02 19:40:02.044+0000 INFO  [neo4j]: logged in
2020-09-02 19:40:02.053+0000 INFO  [neo4j]: logged in
2020-09-02 20:41:55.532+0000 INFO  [neo4j]: logged in
2020-09-02 20:41:55.541+0000 INFO  [neo4j]: logged in
2020-09-02 21:53:15.645+0000 INFO  [neo4j]: logged in
2020-09-02 21:53:15.653+0000 INFO  [neo4j]: logged in
2020-09-02 23:11:48.766+0000 INFO  [neo4j]: logged in
2020-09-02 23:11:48.775+0000 INFO  [neo4j]: logged in
2020-09-03 00:11:57.176+0000 INFO  [neo4j]: logged in
2020-09-03 00:11:57.184+0000 INFO  [neo4j]: logged in
2020-09-03 01:11:59.830+0000 INFO  [neo4j]: logged in
2020-09-03 01:11:59.837+0000 INFO  [neo4j]: logged in
2020-09-03 02:12:00.616+0000 INFO  [neo4j]: logged in
2020-09-03 02:12:00.623+0000 INFO  [neo4j]: logged in
2020-09-03 03:12:01.846+0000 INFO  [neo4j]: logged in
2020-09-03 03:12:01.852+0000 INFO  [neo4j]: logged in
2020-09-03 04:12:03.132+0000 INFO  [neo4j]: logged in
2020-09-03 04:12:03.140+0000 INFO  [neo4j]: logged in
2020-09-03 05:12:04.382+0000 INFO  [neo4j]: logged in
2020-09-03 05:12:04.390+0000 INFO  [neo4j]: logged in
2020-09-03 06:12:05.403+0000 INFO  [neo4j]: logged in
2020-09-03 06:12:05.410+0000 INFO  [neo4j]: logged in
2020-09-03 07:12:06.725+0000 INFO  [neo4j]: logged in
2020-09-03 07:12:06.735+0000 INFO  [neo4j]: logged in
2020-09-03 08:12:08.006+0000 INFO  [neo4j]: logged in
2020-09-03 08:12:08.013+0000 INFO  [neo4j]: logged in
2020-09-03 09:12:08.892+0000 INFO  [neo4j]: logged in
2020-09-03 09:12:08.899+0000 INFO  [neo4j]: logged in
2020-09-03 10:12:10.188+0000 INFO  [neo4j]: logged in
2020-09-03 10:12:10.195+0000 INFO  [neo4j]: logged in
2020-09-03 11:12:11.120+0000 INFO  [neo4j]: logged in
2020-09-03 11:12:11.129+0000 INFO  [neo4j]: logged in
2020-09-03 11:43:51.720+0000 INFO  [neo4j]: logged in
2020-09-03 11:43:51.726+0000 INFO  [neo4j]: logged in
2020-09-03 12:54:31.482+0000 INFO  [neo4j]: logged in
2020-09-03 12:54:31.500+0000 INFO  [neo4j]: logged in
2020-09-03 13:56:46.617+0000 INFO  [neo4j]: logged in
2020-09-03 13:56:46.625+0000 INFO  [neo4j]: logged in
2020-09-03 15:10:37.264+0000 INFO  [neo4j]: logged in
2020-09-03 15:10:56.806+0000 INFO  [neo4j]: logged in
2020-09-03 16:21:30.969+0000 INFO  [neo4j]: logged in
2020-09-03 16:21:30.981+0000 INFO  [neo4j]: logged in
2020-09-03 17:31:43.117+0000 INFO  [neo4j]: logged in
2020-09-03 17:31:43.125+0000 INFO  [neo4j]: logged in
2020-09-03 18:44:43.283+0000 INFO  [neo4j]: logged in
2020-09-03 18:44:43.291+0000 INFO  [neo4j]: logged in
2020-09-03 19:49:10.366+0000 INFO  [neo4j]: logged in
2020-09-03 19:49:10.375+0000 INFO  [neo4j]: logged in
2020-09-03 20:56:47.858+0000 INFO  [neo4j]: logged in
2020-09-03 20:56:47.869+0000 INFO  [neo4j]: logged in
2020-09-03 22:08:07.967+0000 INFO  [neo4j]: logged in
2020-09-03 22:08:07.975+0000 INFO  [neo4j]: logged in
2020-09-03 23:20:50.407+0000 INFO  [neo4j]: logged in
2020-09-03 23:20:50.422+0000 INFO  [neo4j]: logged in
2020-09-04 00:28:44.546+0000 INFO  [neo4j]: logged in
2020-09-04 00:28:44.566+0000 INFO  [neo4j]: logged in
2020-09-04 01:39:09.904+0000 INFO  [neo4j]: logged in
2020-09-04 01:39:09.914+0000 INFO  [neo4j]: logged in
2020-09-04 02:44:58.128+0000 INFO  [neo4j]: logged in
2020-09-04 02:44:58.134+0000 INFO  [neo4j]: logged in
2020-09-04 03:45:04.730+0000 INFO  [neo4j]: logged in
2020-09-04 03:45:04.740+0000 INFO  [neo4j]: logged in
2020-09-04 04:45:05.840+0000 INFO  [neo4j]: logged in
2020-09-04 04:45:05.848+0000 INFO  [neo4j]: logged in
2020-09-04 05:45:07.055+0000 INFO  [neo4j]: logged in
2020-09-04 05:45:07.064+0000 INFO  [neo4j]: logged in
2020-09-04 06:21:47.842+0000 INFO  [neo4j]: logged in
2020-09-04 06:21:47.850+0000 INFO  [neo4j]: logged in
2020-09-04 06:35:08.526+0000 INFO  [neo4j]: logged in
2020-09-04 06:35:08.534+0000 INFO  [neo4j]: logged in
2020-09-04 07:35:22.347+0000 INFO  [neo4j]: logged in
2020-09-04 07:35:22.354+0000 INFO  [neo4j]: logged in
2020-09-04 07:53:02.605+0000 INFO  [neo4j]: logged in
2020-09-04 07:53:02.615+0000 INFO  [neo4j]: logged in
2020-09-04 08:53:21.096+0000 INFO  [neo4j]: logged in
2020-09-04 08:53:21.105+0000 INFO  [neo4j]: logged in
2020-09-04 08:58:21.167+0000 INFO  [neo4j]: logged in
2020-09-04 08:58:21.174+0000 INFO  [neo4j]: logged in
2020-09-04 08:59:21.180+0000 INFO  [neo4j]: logged in
2020-09-04 08:59:21.190+0000 INFO  [neo4j]: logged in
2020-09-05 09:01:47.740+0000 INFO  [neo4j]: logged in
2020-09-05 09:01:47.752+0000 INFO  [neo4j]: logged in
2020-09-05 15:45:59.832+0000 INFO  [neo4j]: logged in
2020-09-05 15:45:59.908+0000 INFO  [neo4j]: logged in
2020-09-05 18:28:54.327+0000 INFO  [neo4j]: logged in
2020-09-05 18:28:54.365+0000 INFO  [neo4j]: logged in
2020-09-06 00:44:05.594+0000 INFO  [neo4j]: logged in
2020-09-06 00:44:05.620+0000 INFO  [neo4j]: logged in
2020-09-06 08:45:33.133+0000 INFO  [neo4j]: logged in
2020-09-06 08:45:33.144+0000 INFO  [neo4j]: logged in
2020-09-06 09:45:34.457+0000 INFO  [neo4j]: logged in
2020-09-06 09:45:34.464+0000 INFO  [neo4j]: logged in
2020-09-06 10:45:35.814+0000 INFO  [neo4j]: logged in
2020-09-06 10:45:35.821+0000 INFO  [neo4j]: logged in
2020-09-06 11:45:37.164+0000 INFO  [neo4j]: logged in
2020-09-06 11:45:37.171+0000 INFO  [neo4j]: logged in
2020-09-06 12:45:38.544+0000 INFO  [neo4j]: logged in
2020-09-06 12:45:38.552+0000 INFO  [neo4j]: logged in
2020-09-06 13:45:39.832+0000 INFO  [neo4j]: logged in
2020-09-06 13:45:39.839+0000 INFO  [neo4j]: logged in
2020-09-06 14:45:41.233+0000 INFO  [neo4j]: logged in
2020-09-06 14:45:41.240+0000 INFO  [neo4j]: logged in
2020-09-06 15:45:42.582+0000 INFO  [neo4j]: logged in
2020-09-06 15:45:42.589+0000 INFO  [neo4j]: logged in
2020-09-06 16:45:43.959+0000 INFO  [neo4j]: logged in
2020-09-06 16:45:43.966+0000 INFO  [neo4j]: logged in
2020-09-06 17:45:45.305+0000 INFO  [neo4j]: logged in
2020-09-06 17:45:45.315+0000 INFO  [neo4j]: logged in
2020-09-06 18:45:46.662+0000 INFO  [neo4j]: logged in
2020-09-06 18:45:46.670+0000 INFO  [neo4j]: logged in
2020-09-06 19:45:47.970+0000 INFO  [neo4j]: logged in
2020-09-06 19:45:47.982+0000 INFO  [neo4j]: logged in
2020-09-06 20:45:49.236+0000 INFO  [neo4j]: logged in
2020-09-06 20:45:49.242+0000 INFO  [neo4j]: logged in
2020-09-06 21:45:50.522+0000 INFO  [neo4j]: logged in
2020-09-06 21:45:50.531+0000 INFO  [neo4j]: logged in
2020-09-06 22:45:51.877+0000 INFO  [neo4j]: logged in
2020-09-06 22:45:51.883+0000 INFO  [neo4j]: logged in
2020-09-06 23:45:53.225+0000 INFO  [neo4j]: logged in
2020-09-06 23:45:53.232+0000 INFO  [neo4j]: logged in
2020-09-07 00:45:54.478+0000 INFO  [neo4j]: logged in
2020-09-07 00:45:54.488+0000 INFO  [neo4j]: logged in
2020-09-07 01:45:55.850+0000 INFO  [neo4j]: logged in
2020-09-07 01:45:55.859+0000 INFO  [neo4j]: logged in
2020-09-07 02:45:57.150+0000 INFO  [neo4j]: logged in
2020-09-07 02:45:57.158+0000 INFO  [neo4j]: logged in
2020-09-07 03:18:57.922+0000 INFO  [neo4j]: logged in
2020-09-07 03:18:57.932+0000 INFO  [neo4j]: logged in
2020-09-07 04:19:12.167+0000 INFO  [neo4j]: logged in
2020-09-07 04:19:12.175+0000 INFO  [neo4j]: logged in
2020-09-07 05:20:48.904+0000 INFO  [neo4j]: logged in
2020-09-07 05:20:48.910+0000 INFO  [neo4j]: logged in
2020-09-07 06:33:29.400+0000 INFO  [neo4j]: logged in
2020-09-07 06:33:29.410+0000 INFO  [neo4j]: logged in
2020-09-07 07:46:53.535+0000 INFO  [neo4j]: logged in
2020-09-07 07:46:53.549+0000 INFO  [neo4j]: logged in
2020-09-07 08:53:27.684+0000 INFO  [neo4j]: logged in
2020-09-07 08:53:27.693+0000 INFO  [neo4j]: logged in
2020-09-07 10:04:07.867+0000 INFO  [neo4j]: logged in
2020-09-07 10:04:07.875+0000 INFO  [neo4j]: logged in
2020-09-07 11:04:08.024+0000 INFO  [neo4j]: logged in
2020-09-07 11:04:27.505+0000 INFO  [neo4j]: logged in
2020-09-07 12:04:08.271+0000 INFO  [neo4j]: logged in
2020-09-07 12:04:28.273+0000 INFO  [neo4j]: logged in
2020-09-07 13:04:09.350+0000 INFO  [neo4j]: logged in
2020-09-07 13:04:29.352+0000 INFO  [neo4j]: logged in
2020-09-07 14:04:10.365+0000 INFO  [neo4j]: logged in
2020-09-07 14:04:30.370+0000 INFO  [neo4j]: logged in
2020-09-07 15:04:11.126+0000 INFO  [neo4j]: logged in
2020-09-07 15:04:31.127+0000 INFO  [neo4j]: logged in
2020-09-07 16:04:12.104+0000 INFO  [neo4j]: logged in
2020-09-07 16:04:32.112+0000 INFO  [neo4j]: logged in
2020-09-07 16:11:12.259+0000 INFO  [neo4j]: logged in
2020-09-07 16:11:12.269+0000 INFO  [neo4j]: logged in
2020-09-07 17:23:06.665+0000 INFO  [neo4j]: logged in
2020-09-07 17:23:06.675+0000 INFO  [neo4j]: logged in
2020-09-07 18:34:28.698+0000 INFO  [neo4j]: logged in
2020-09-07 18:34:28.709+0000 INFO  [neo4j]: logged in
2020-09-07 19:54:04.952+0000 INFO  [neo4j]: logged in
2020-09-07 19:54:04.961+0000 INFO  [neo4j]: logged in
2020-09-07 21:08:48.202+0000 INFO  [neo4j]: logged in
2020-09-07 21:08:48.210+0000 INFO  [neo4j]: logged in
2020-09-07 22:17:43.583+0000 INFO  [neo4j]: logged in
2020-09-07 22:17:43.602+0000 INFO  [neo4j]: logged in
2020-09-07 23:28:03.971+0000 INFO  [neo4j]: logged in
2020-09-07 23:28:03.974+0000 INFO  [neo4j]: logged in
2020-09-08 00:30:04.149+0000 INFO  [neo4j]: logged in
2020-09-08 00:30:04.157+0000 INFO  [neo4j]: logged in
2020-09-08 01:30:05.485+0000 INFO  [neo4j]: logged in
2020-09-08 01:30:05.493+0000 INFO  [neo4j]: logged in
2020-09-08 02:39:55.660+0000 INFO  [neo4j]: logged in
2020-09-08 02:39:55.670+0000 INFO  [neo4j]: logged in
2020-09-08 03:48:49.666+0000 INFO  [neo4j]: logged in
2020-09-08 03:48:49.677+0000 INFO  [neo4j]: logged in
2020-09-08 05:16:31.803+0000 INFO  [neo4j]: logged in
2020-09-08 05:16:31.814+0000 INFO  [neo4j]: logged in
2020-09-08 06:16:38.764+0000 INFO  [neo4j]: logged in
2020-09-08 06:16:38.775+0000 INFO  [neo4j]: logged in
2020-09-08 07:16:39.445+0000 INFO  [neo4j]: logged in
2020-09-08 07:16:39.455+0000 INFO  [neo4j]: logged in
2020-09-08 08:16:40.245+0000 INFO  [neo4j]: logged in
2020-09-08 08:16:40.255+0000 INFO  [neo4j]: logged in
2020-09-08 09:16:41.069+0000 INFO  [neo4j]: logged in
2020-09-08 09:16:41.078+0000 INFO  [neo4j]: logged in
2020-09-08 10:16:42.003+0000 INFO  [neo4j]: logged in
2020-09-08 10:16:42.013+0000 INFO  [neo4j]: logged in
2020-09-08 11:16:43.079+0000 INFO  [neo4j]: logged in
2020-09-08 11:16:43.089+0000 INFO  [neo4j]: logged in
2020-09-08 12:16:44.090+0000 INFO  [neo4j]: logged in
2020-09-08 12:16:44.100+0000 INFO  [neo4j]: logged in
2020-09-08 13:16:45.142+0000 INFO  [neo4j]: logged in
2020-09-08 13:16:45.151+0000 INFO  [neo4j]: logged in
2020-09-08 14:16:46.101+0000 INFO  [neo4j]: logged in
2020-09-08 14:16:46.111+0000 INFO  [neo4j]: logged in
2020-09-08 15:16:46.811+0000 INFO  [neo4j]: logged in
2020-09-08 15:16:46.821+0000 INFO  [neo4j]: logged in
2020-09-08 15:27:06.997+0000 INFO  [neo4j]: logged in
2020-09-08 15:27:07.006+0000 INFO  [neo4j]: logged in
2020-09-08 16:35:53.583+0000 INFO  [neo4j]: logged in
2020-09-08 16:35:53.592+0000 INFO  [neo4j]: logged in
2020-09-08 17:45:54.761+0000 INFO  [neo4j]: logged in
2020-09-08 17:45:54.771+0000 INFO  [neo4j]: logged in
2020-09-08 18:59:38.965+0000 INFO  [neo4j]: logged in
2020-09-08 18:59:38.972+0000 INFO  [neo4j]: logged in
2020-09-08 20:12:49.069+0000 INFO  [neo4j]: logged in
2020-09-08 20:12:49.076+0000 INFO  [neo4j]: logged in
2020-09-08 21:25:02.217+0000 INFO  [neo4j]: logged in
2020-09-08 21:25:02.226+0000 INFO  [neo4j]: logged in
2020-09-08 22:31:54.045+0000 INFO  [neo4j]: logged in
2020-09-08 22:32:11.682+0000 INFO  [neo4j]: logged in
2020-09-08 23:43:36.014+0000 INFO  [neo4j]: logged in
2020-09-08 23:43:36.023+0000 INFO  [neo4j]: logged in
2020-09-09 00:43:36.953+0000 INFO  [neo4j]: logged in
2020-09-09 00:43:36.960+0000 INFO  [neo4j]: logged in
2020-09-09 02:08:24.441+0000 INFO  [neo4j]: logged in
2020-09-09 02:08:24.446+0000 INFO  [neo4j]: logged in
2020-09-09 03:15:43.606+0000 INFO  [neo4j]: logged in
2020-09-09 03:15:43.614+0000 INFO  [neo4j]: logged in
2020-09-09 04:17:32.697+0000 INFO  [neo4j]: logged in
2020-09-09 04:17:32.707+0000 INFO  [neo4j]: logged in
2020-09-09 04:18:39.704+0000 INFO  [neo4j]: logged in
2020-09-09 04:18:39.713+0000 INFO  [neo4j]: logged in
2020-09-09 05:23:17.996+0000 INFO  [neo4j]: logged in
2020-09-09 05:23:18.006+0000 INFO  [neo4j]: logged in
2020-09-09 05:24:18.006+0000 INFO  [neo4j]: logged in
2020-09-09 05:24:18.015+0000 INFO  [neo4j]: logged in
2020-09-09 05:34:18.136+0000 INFO  [neo4j]: logged in
2020-09-09 05:34:18.145+0000 INFO  [neo4j]: logged in
2020-09-09 06:31:48.755+0000 INFO  [neo4j]: logged in
2020-09-09 06:31:48.763+0000 INFO  [neo4j]: logged in
2020-09-09 07:31:49.338+0000 INFO  [neo4j]: logged in
2020-09-09 07:31:49.347+0000 INFO  [neo4j]: logged in
2020-09-09 07:54:09.778+0000 INFO  [neo4j]: logged in
2020-09-09 07:54:09.788+0000 INFO  [neo4j]: logged in
2020-09-09 08:05:28.349+0000 INFO  [neo4j]: logged in
2020-09-09 08:05:28.358+0000 INFO  [neo4j]: logged in
2020-09-09 08:15:51.147+0000 INFO  [neo4j]: logged in
2020-09-09 08:15:51.155+0000 INFO  [neo4j]: logged in
2020-09-09 08:22:22.075+0000 INFO  [neo4j]: logged in
2020-09-09 08:22:22.085+0000 INFO  [neo4j]: logged in
2020-09-09 08:24:46.102+0000 INFO  [neo4j]: logged in
2020-09-09 08:25:11.880+0000 INFO  [neo4j]: logged in
2020-09-09 08:25:31.889+0000 INFO  [neo4j]: logged in
2020-09-09 08:25:31.898+0000 INFO  [neo4j]: logged in
2020-09-09 08:27:03.218+0000 INFO  [neo4j]: logged in
2020-09-09 08:27:03.226+0000 INFO  [neo4j]: logged in
2020-09-09 08:27:50.388+0000 INFO  [neo4j]: logged in
2020-09-09 08:27:51.092+0000 INFO  [neo4j]: logged in
2020-09-09 08:28:10.389+0000 INFO  [neo4j]: logged in
2020-09-09 08:28:10.401+0000 INFO  [neo4j]: logged in
2020-09-09 08:28:57.453+0000 INFO  [neo4j]: logged in
2020-09-09 08:28:57.463+0000 INFO  [neo4j]: logged in
2020-09-09 08:30:10.661+0000 INFO  [neo4j]: logged in
2020-09-09 08:30:10.670+0000 INFO  [neo4j]: logged in
2020-09-09 08:33:00.943+0000 INFO  [neo4j]: logged in
2020-09-09 08:33:00.952+0000 INFO  [neo4j]: logged in
2020-09-09 08:33:42.655+0000 INFO  [neo4j]: logged in
2020-09-09 08:33:42.666+0000 INFO  [neo4j]: logged in
2020-09-09 08:36:53.127+0000 INFO  [neo4j]: logged in
2020-09-09 08:36:53.137+0000 INFO  [neo4j]: logged in
2020-09-09 08:38:28.174+0000 INFO  [neo4j]: logged in
2020-09-09 08:38:28.183+0000 INFO  [neo4j]: logged in
2020-09-09 08:39:08.195+0000 INFO  [neo4j]: logged in
2020-09-09 08:39:08.204+0000 INFO  [neo4j]: logged in
2020-09-09 08:40:03.903+0000 INFO  [neo4j]: logged in
2020-09-09 08:40:03.913+0000 INFO  [neo4j]: logged in
2020-09-09 08:40:53.730+0000 INFO  [neo4j]: logged in
2020-09-09 08:40:53.741+0000 INFO  [neo4j]: logged in
2020-09-09 08:42:00.108+0000 INFO  [neo4j]: logged in
2020-09-09 08:42:00.120+0000 INFO  [neo4j]: logged in
2020-09-09 08:42:40.139+0000 INFO  [neo4j]: logged in
2020-09-09 08:42:40.148+0000 INFO  [neo4j]: logged in
2020-09-09 08:43:38.139+0000 INFO  [neo4j]: logged in
2020-09-09 08:43:38.148+0000 INFO  [neo4j]: logged in
2020-09-09 12:03:11.984+0000 INFO  [neo4j]: logged in
2020-09-09 12:03:11.994+0000 INFO  [neo4j]: logged in
2020-09-09 12:03:31.995+0000 INFO  [neo4j]: logged in
2020-09-09 12:03:32.005+0000 INFO  [neo4j]: logged in
2020-09-09 12:05:40.519+0000 INFO  [neo4j]: logged in
2020-09-09 12:05:40.530+0000 INFO  [neo4j]: logged in
2020-09-09 12:18:55.721+0000 INFO  [neo4j]: logged in
2020-09-09 12:18:55.731+0000 INFO  [neo4j]: logged in
2020-09-09 13:18:59.583+0000 INFO  [neo4j]: logged in
2020-09-09 13:18:59.596+0000 INFO  [neo4j]: logged in
2020-09-09 13:35:19.745+0000 INFO  [neo4j]: logged in
2020-09-09 13:35:19.753+0000 INFO  [neo4j]: logged in
2020-09-10 01:36:29.067+0000 INFO  [neo4j]: logged in
2020-09-10 01:36:29.084+0000 INFO  [neo4j]: logged in
2020-09-10 08:22:10.145+0000 INFO  [neo4j]: logged in
2020-09-10 08:22:10.158+0000 INFO  [neo4j]: logged in
2020-09-10 09:22:10.932+0000 INFO  [neo4j]: logged in
2020-09-10 09:22:10.942+0000 INFO  [neo4j]: logged in
2020-09-10 10:22:11.615+0000 INFO  [neo4j]: logged in
2020-09-10 10:22:11.624+0000 INFO  [neo4j]: logged in
2020-09-10 11:22:12.474+0000 INFO  [neo4j]: logged in
2020-09-10 11:22:12.484+0000 INFO  [neo4j]: logged in
2020-09-10 12:08:33.174+0000 INFO  [neo4j]: logged in
2020-09-10 12:08:33.182+0000 INFO  [neo4j]: logged in
2020-09-10 13:22:56.427+0000 INFO  [neo4j]: logged in
2020-09-10 13:22:56.429+0000 INFO  [neo4j]: logged in
2020-09-10 14:40:51.498+0000 INFO  [neo4j]: logged in
2020-09-10 14:40:51.506+0000 INFO  [neo4j]: logged in
2020-09-10 15:52:01.622+0000 INFO  [neo4j]: logged in
2020-09-10 15:52:01.632+0000 INFO  [neo4j]: logged in
2020-09-10 17:06:05.814+0000 INFO  [neo4j]: logged in
2020-09-10 17:06:05.822+0000 INFO  [neo4j]: logged in
2020-09-10 18:13:03.257+0000 INFO  [neo4j]: logged in
2020-09-10 18:13:03.264+0000 INFO  [neo4j]: logged in
2020-09-10 19:31:36.165+0000 INFO  [neo4j]: logged in
2020-09-10 19:31:36.178+0000 INFO  [neo4j]: logged in
2020-09-10 20:40:27.083+0000 INFO  [neo4j]: logged in
2020-09-10 20:40:27.092+0000 INFO  [neo4j]: logged in
2020-09-10 22:00:32.431+0000 INFO  [neo4j]: logged in
2020-09-10 22:00:32.441+0000 INFO  [neo4j]: logged in
2020-09-10 23:15:19.564+0000 INFO  [neo4j]: logged in
2020-09-10 23:15:19.572+0000 INFO  [neo4j]: logged in
2020-09-11 00:32:56.762+0000 INFO  [neo4j]: logged in
2020-09-11 00:32:56.770+0000 INFO  [neo4j]: logged in
2020-09-11 01:33:03.370+0000 INFO  [neo4j]: logged in
2020-09-11 01:33:03.380+0000 INFO  [neo4j]: logged in
2020-09-11 02:33:04.380+0000 INFO  [neo4j]: logged in
2020-09-11 02:33:04.390+0000 INFO  [neo4j]: logged in
2020-09-11 03:33:05.399+0000 INFO  [neo4j]: logged in
2020-09-11 03:33:05.409+0000 INFO  [neo4j]: logged in
2020-09-11 04:33:06.423+0000 INFO  [neo4j]: logged in
2020-09-11 04:33:06.432+0000 INFO  [neo4j]: logged in
2020-09-11 05:33:07.456+0000 INFO  [neo4j]: logged in
2020-09-11 05:33:07.465+0000 INFO  [neo4j]: logged in
2020-09-11 06:33:08.441+0000 INFO  [neo4j]: logged in
2020-09-11 06:33:08.451+0000 INFO  [neo4j]: logged in
2020-09-11 07:33:09.459+0000 INFO  [neo4j]: logged in
2020-09-11 07:33:09.468+0000 INFO  [neo4j]: logged in
2020-09-11 08:33:10.424+0000 INFO  [neo4j]: logged in
2020-09-11 08:33:10.434+0000 INFO  [neo4j]: logged in
2020-09-11 09:33:11.390+0000 INFO  [neo4j]: logged in
2020-09-11 09:33:11.409+0000 INFO  [neo4j]: logged in
2020-09-11 10:33:12.436+0000 INFO  [neo4j]: logged in
2020-09-11 10:33:12.445+0000 INFO  [neo4j]: logged in
2020-09-11 11:33:13.400+0000 INFO  [neo4j]: logged in
2020-09-11 11:33:13.409+0000 INFO  [neo4j]: logged in
2020-09-11 12:33:14.335+0000 INFO  [neo4j]: logged in
2020-09-11 12:33:14.344+0000 INFO  [neo4j]: logged in
2020-09-11 13:33:15.353+0000 INFO  [neo4j]: logged in
2020-09-11 13:33:15.363+0000 INFO  [neo4j]: logged in
2020-09-11 14:33:16.320+0000 INFO  [neo4j]: logged in
2020-09-11 14:33:16.330+0000 INFO  [neo4j]: logged in
2020-09-11 15:33:17.309+0000 INFO  [neo4j]: logged in
2020-09-11 15:33:17.319+0000 INFO  [neo4j]: logged in
2020-09-11 16:33:18.303+0000 INFO  [neo4j]: logged in
2020-09-11 16:33:18.314+0000 INFO  [neo4j]: logged in
2020-09-11 17:33:19.307+0000 INFO  [neo4j]: logged in
2020-09-11 17:33:19.316+0000 INFO  [neo4j]: logged in
2020-09-11 18:33:20.286+0000 INFO  [neo4j]: logged in
2020-09-11 18:33:20.295+0000 INFO  [neo4j]: logged in
2020-09-11 19:33:21.289+0000 INFO  [neo4j]: logged in
2020-09-11 19:33:21.299+0000 INFO  [neo4j]: logged in
2020-09-11 20:33:22.311+0000 INFO  [neo4j]: logged in
2020-09-11 20:33:22.321+0000 INFO  [neo4j]: logged in
2020-09-11 21:33:23.343+0000 INFO  [neo4j]: logged in
2020-09-11 21:33:23.353+0000 INFO  [neo4j]: logged in
2020-09-11 22:33:24.341+0000 INFO  [neo4j]: logged in
2020-09-11 22:33:24.351+0000 INFO  [neo4j]: logged in
2020-09-11 23:33:25.334+0000 INFO  [neo4j]: logged in
2020-09-11 23:33:25.344+0000 INFO  [neo4j]: logged in
2020-09-12 00:33:26.392+0000 INFO  [neo4j]: logged in
2020-09-12 00:33:26.401+0000 INFO  [neo4j]: logged in
2020-09-12 01:33:27.409+0000 INFO  [neo4j]: logged in
2020-09-12 01:33:27.419+0000 INFO  [neo4j]: logged in
2020-09-12 02:33:28.477+0000 INFO  [neo4j]: logged in
2020-09-12 02:33:28.487+0000 INFO  [neo4j]: logged in
2020-09-12 03:33:29.482+0000 INFO  [neo4j]: logged in
2020-09-12 03:33:29.492+0000 INFO  [neo4j]: logged in
2020-09-12 04:23:10.310+0000 INFO  [neo4j]: logged in
2020-09-12 04:23:10.319+0000 INFO  [neo4j]: logged in
2020-09-12 05:23:16.977+0000 INFO  [neo4j]: logged in
2020-09-12 05:23:16.986+0000 INFO  [neo4j]: logged in
2020-09-12 05:40:17.475+0000 INFO  [neo4j]: logged in
2020-09-12 05:40:17.486+0000 INFO  [neo4j]: logged in
2020-09-12 05:54:17.553+0000 INFO  [neo4j]: logged in
2020-09-12 05:54:17.562+0000 INFO  [neo4j]: logged in
2020-09-12 06:54:29.378+0000 INFO  [neo4j]: logged in
2020-09-12 06:54:29.395+0000 INFO  [neo4j]: logged in
2020-09-12 07:17:54.174+0000 INFO  [neo4j]: logged in
2020-09-12 07:17:54.182+0000 INFO  [neo4j]: logged in
2020-09-12 07:26:13.036+0000 INFO  [neo4j]: logged in
2020-09-12 08:17:55.733+0000 INFO  [neo4j]: logged in
2020-09-12 08:18:02.191+0000 INFO  [neo4j]: logged in
2020-09-12 08:25:41.166+0000 INFO  [neo4j]: logged in
2020-09-12 08:25:48.411+0000 INFO  [neo4j]: logged in
2020-09-12 08:26:01.995+0000 INFO  [neo4j]: logged in
2020-09-12 08:26:22.404+0000 INFO  [neo4j]: logged in
2020-09-12 08:26:49.982+0000 INFO  [neo4j]: logged in
2020-09-12 08:27:01.973+0000 INFO  [neo4j]: logged in
2020-09-12 08:27:09.608+0000 INFO  [neo4j]: logged in
2020-09-12 08:27:59.517+0000 INFO  [neo4j]: logged in
2020-09-12 08:28:12.128+0000 INFO  [neo4j]: logged in
2020-09-12 08:30:23.671+0000 INFO  [neo4j]: logged in
2020-09-12 08:30:23.681+0000 INFO  [neo4j]: logged in
2020-09-12 08:31:12.800+0000 INFO  [neo4j]: logged in
2020-09-12 08:31:12.813+0000 INFO  [neo4j]: logged in
2020-09-12 08:32:23.820+0000 INFO  [neo4j]: logged in
2020-09-12 08:32:23.829+0000 INFO  [neo4j]: logged in
2020-09-12 08:34:33.286+0000 INFO  [neo4j]: logged in
2020-09-12 08:34:33.297+0000 INFO  [neo4j]: logged in
2020-09-12 08:37:42.138+0000 INFO  [neo4j]: logged in
2020-09-12 08:37:42.148+0000 INFO  [neo4j]: logged in
2020-09-12 08:38:25.477+0000 INFO  [neo4j]: logged in
2020-09-12 08:38:25.485+0000 INFO  [neo4j]: logged in
2020-09-12 08:43:55.875+0000 INFO  [neo4j]: logged in
2020-09-12 08:43:56.572+0000 INFO  [neo4j]: logged in
2020-09-12 08:44:15.854+0000 INFO  [neo4j]: logged in
2020-09-12 08:44:15.864+0000 INFO  [neo4j]: logged in
2020-09-12 08:46:12.941+0000 INFO  [neo4j]: logged in
2020-09-12 08:46:12.951+0000 INFO  [neo4j]: logged in
2020-09-12 08:47:37.711+0000 INFO  [neo4j]: logged in
2020-09-12 08:47:37.721+0000 INFO  [neo4j]: logged in
2020-09-12 08:48:17.729+0000 INFO  [neo4j]: logged in
2020-09-12 08:48:17.739+0000 INFO  [neo4j]: logged in
2020-09-12 08:48:57.763+0000 INFO  [neo4j]: logged in
2020-09-12 08:48:57.774+0000 INFO  [neo4j]: logged in
2020-09-12 08:50:23.482+0000 INFO  [neo4j]: logged in
2020-09-12 08:50:23.493+0000 INFO  [neo4j]: logged in
2020-09-14 04:16:37.065+0000 INFO  [neo4j]: logged in
2020-09-14 04:16:37.126+0000 INFO  [neo4j]: logged in
2020-09-14 04:16:56.888+0000 INFO  [neo4j]: logged in
2020-09-14 04:16:56.912+0000 INFO  [neo4j]: logged in
2020-09-14 05:17:07.704+0000 INFO  [neo4j]: logged in
2020-09-14 05:17:07.712+0000 INFO  [neo4j]: logged in
2020-09-14 05:37:07.840+0000 INFO  [neo4j]: logged in
2020-09-14 05:37:07.848+0000 INFO  [neo4j]: logged in
2020-09-14 05:42:10.642+0000 INFO  [neo4j]: logged in
2020-09-14 06:37:08.037+0000 INFO  [neo4j]: logged in
2020-09-14 06:37:08.047+0000 INFO  [neo4j]: logged in
2020-09-14 07:37:08.452+0000 INFO  [neo4j]: logged in
2020-09-14 07:37:08.462+0000 INFO  [neo4j]: logged in
2020-09-14 08:37:08.948+0000 INFO  [neo4j]: logged in
2020-09-14 08:37:08.958+0000 INFO  [neo4j]: logged in
2020-09-14 09:26:55.544+0000 INFO  [neo4j]: logged in
2020-09-14 09:37:09.363+0000 INFO  [neo4j]: logged in
2020-09-14 09:37:09.373+0000 INFO  [neo4j]: logged in
2020-09-14 09:40:28.814+0000 INFO  [neo4j]: logged in
2020-09-14 09:40:38.501+0000 INFO  [neo4j]: logged in
2020-09-14 09:40:43.038+0000 INFO  [neo4j]: logged in
2020-09-14 09:42:09.392+0000 INFO  [neo4j]: logged in
2020-09-14 10:37:09.840+0000 INFO  [neo4j]: logged in
2020-09-14 10:37:09.850+0000 INFO  [neo4j]: logged in
2020-09-14 11:26:30.214+0000 INFO  [neo4j]: logged in
2020-09-14 11:26:30.223+0000 INFO  [neo4j]: logged in
2020-09-14 12:33:56.846+0000 INFO  [neo4j]: logged in
2020-09-14 12:33:56.862+0000 INFO  [neo4j]: logged in
2020-09-14 13:52:25.736+0000 INFO  [neo4j]: logged in
2020-09-14 13:52:25.744+0000 INFO  [neo4j]: logged in
2020-09-14 15:12:21.873+0000 INFO  [neo4j]: logged in
2020-09-14 15:12:21.880+0000 INFO  [neo4j]: logged in
2020-09-14 16:21:17.990+0000 INFO  [neo4j]: logged in
2020-09-14 16:21:17.998+0000 INFO  [neo4j]: logged in
2020-09-14 17:44:55.564+0000 INFO  [neo4j]: logged in
2020-09-14 17:44:55.569+0000 INFO  [neo4j]: logged in
2020-09-14 18:55:39.671+0000 INFO  [neo4j]: logged in
2020-09-14 18:55:39.681+0000 INFO  [neo4j]: logged in
2020-09-14 20:08:01.091+0000 INFO  [neo4j]: logged in
2020-09-14 20:08:01.099+0000 INFO  [neo4j]: logged in
2020-09-14 21:15:17.228+0000 INFO  [neo4j]: logged in
2020-09-14 21:15:17.238+0000 INFO  [neo4j]: logged in
2020-09-14 22:25:18.403+0000 INFO  [neo4j]: logged in
2020-09-14 22:25:18.414+0000 INFO  [neo4j]: logged in
2020-09-14 23:33:40.250+0000 INFO  [neo4j]: logged in
2020-09-14 23:33:40.255+0000 INFO  [neo4j]: logged in
2020-09-15 00:47:26.768+0000 INFO  [neo4j]: logged in
2020-09-15 00:47:26.775+0000 INFO  [neo4j]: logged in
2020-09-15 02:04:39.461+0000 INFO  [neo4j]: logged in
2020-09-15 02:04:39.469+0000 INFO  [neo4j]: logged in
2020-09-15 03:04:47.804+0000 INFO  [neo4j]: logged in
2020-09-15 03:04:47.814+0000 INFO  [neo4j]: logged in
2020-09-15 04:21:49.701+0000 INFO  [neo4j]: logged in
2020-09-15 04:21:49.711+0000 INFO  [neo4j]: logged in
2020-09-15 04:22:29.709+0000 INFO  [neo4j]: logged in
2020-09-15 04:22:29.718+0000 INFO  [neo4j]: logged in
2020-09-15 05:17:32.124+0000 INFO  [neo4j]: logged in
2020-09-15 05:17:32.134+0000 INFO  [neo4j]: logged in
2020-09-15 05:43:12.465+0000 INFO  [neo4j]: logged in
2020-09-15 05:58:52.814+0000 INFO  [neo4j]: logged in
2020-09-15 06:17:42.343+0000 INFO  [neo4j]: logged in
2020-09-15 06:17:42.353+0000 INFO  [neo4j]: logged in
2020-09-15 07:17:42.717+0000 INFO  [neo4j]: logged in
2020-09-15 07:17:42.726+0000 INFO  [neo4j]: logged in
2020-09-15 07:23:42.749+0000 INFO  [neo4j]: logged in
2020-09-15 07:23:42.756+0000 INFO  [neo4j]: logged in
2020-09-15 07:30:01.811+0000 INFO  [neo4j]: logged in
2020-09-15 07:30:01.821+0000 INFO  [neo4j]: logged in
2020-09-15 07:33:05.832+0000 INFO  [neo4j]: logged in
2020-09-15 07:33:05.841+0000 INFO  [neo4j]: logged in
2020-09-15 07:33:45.845+0000 INFO  [neo4j]: logged in
2020-09-15 07:33:45.854+0000 INFO  [neo4j]: logged in
2020-09-15 07:34:25.854+0000 INFO  [neo4j]: logged in
2020-09-15 07:34:25.864+0000 INFO  [neo4j]: logged in
2020-09-15 07:35:47.830+0000 INFO  [neo4j]: logged in
2020-09-15 07:35:47.839+0000 INFO  [neo4j]: logged in
2020-09-15 07:37:13.162+0000 INFO  [neo4j]: logged in
2020-09-15 07:37:13.172+0000 INFO  [neo4j]: logged in
2020-09-15 07:38:07.782+0000 INFO  [neo4j]: logged in
2020-09-15 07:38:07.791+0000 INFO  [neo4j]: logged in
2020-09-15 07:41:33.035+0000 INFO  [neo4j]: logged in
2020-09-15 07:41:33.045+0000 INFO  [neo4j]: logged in
2020-09-15 07:42:16.366+0000 INFO  [neo4j]: logged in
2020-09-15 07:42:16.376+0000 INFO  [neo4j]: logged in
2020-09-15 07:43:12.885+0000 INFO  [neo4j]: logged in
2020-09-15 07:43:12.895+0000 INFO  [neo4j]: logged in
2020-09-15 07:55:42.778+0000 INFO  [neo4j]: logged in
2020-09-15 07:55:42.787+0000 INFO  [neo4j]: logged in
2020-09-15 07:56:57.080+0000 INFO  [neo4j]: logged in
2020-09-15 07:56:57.088+0000 INFO  [neo4j]: logged in
2020-09-15 08:07:38.483+0000 INFO  [neo4j]: logged in
2020-09-15 08:07:38.495+0000 INFO  [neo4j]: logged in
2020-09-15 15:30:03.596+0000 INFO  [neo4j]: logged in
2020-09-15 15:30:04.301+0000 INFO  [neo4j]: logged in
2020-09-15 20:09:40.298+0000 INFO  [neo4j]: logged in
2020-09-15 20:09:40.306+0000 INFO  [neo4j]: logged in
2020-09-17 03:36:18.483+0000 INFO  [neo4j]: logged in
2020-09-17 03:36:18.541+0000 INFO  [neo4j]: logged in
2020-09-17 04:36:18.630+0000 INFO  [neo4j]: logged in
2020-09-17 04:36:18.637+0000 INFO  [neo4j]: logged in
2020-09-17 05:36:19.026+0000 INFO  [neo4j]: logged in
2020-09-17 05:36:19.035+0000 INFO  [neo4j]: logged in
2020-09-17 06:36:19.433+0000 INFO  [neo4j]: logged in
2020-09-17 06:36:19.443+0000 INFO  [neo4j]: logged in
2020-09-17 07:36:19.820+0000 INFO  [neo4j]: logged in
2020-09-17 07:36:19.830+0000 INFO  [neo4j]: logged in
2020-09-17 08:36:20.193+0000 INFO  [neo4j]: logged in
2020-09-17 08:36:20.203+0000 INFO  [neo4j]: logged in
2020-09-17 09:36:20.585+0000 INFO  [neo4j]: logged in
2020-09-17 09:36:20.595+0000 INFO  [neo4j]: logged in
2020-09-17 10:36:20.935+0000 INFO  [neo4j]: logged in
2020-09-17 10:36:20.946+0000 INFO  [neo4j]: logged in
2020-09-17 11:36:21.285+0000 INFO  [neo4j]: logged in
2020-09-17 11:36:21.296+0000 INFO  [neo4j]: logged in
2020-09-17 12:36:21.708+0000 INFO  [neo4j]: logged in
2020-09-17 12:36:21.719+0000 INFO  [neo4j]: logged in
2020-09-17 13:36:22.075+0000 INFO  [neo4j]: logged in
2020-09-17 13:36:22.086+0000 INFO  [neo4j]: logged in
2020-09-17 14:36:22.466+0000 INFO  [neo4j]: logged in
2020-09-17 14:36:22.475+0000 INFO  [neo4j]: logged in
